2024-11-20 14:47:09,496 [INFO] Activator:176 - 


2024-11-20 14:47:09,505 [INFO] Activator:177 - !SESSION log4j initialized
2024-11-20 14:47:16,088 [INFO] LogOutputStream:77 - [STDOUT_REDIRECT] 
2024-11-20 14:47:18,936 [INFO] ApplicationProperties:184 - Using Application install path: C:\ST\STM32CubeIDE_1.16.0\STM32CubeIDE\plugins\com.st.stm32cube.common.mx_6.12.0.202406281431
2024-11-20 14:47:18,955 [INFO] DbMcusXml:78 - Set database path to: C:\ST\STM32CubeIDE_1.16.0\STM32CubeIDE\plugins\com.st.stm32cube.common.mx_6.12.0.202406281431\\db\/mcu/
2024-11-20 14:47:18,956 [INFO] ApiDb:274 - Set plugin database path to: C:\ST\STM32CubeIDE_1.16.0\STM32CubeIDE\plugins\com.st.stm32cube.common.mx_6.12.0.202406281431\\db\/plugins/boardmanager/
2024-11-20 14:47:18,957 [WARN] ApiDb:259 - Overriding images path with different value:  => C:\ST\STM32CubeIDE_1.16.0\STM32CubeIDE\plugins\com.st.stm32cube.common.mx_6.12.0.202406281431\\db\/plugins/mcufinder/images/
2024-11-20 14:47:18,966 [INFO] ApiDb:250 - Set database path to: C:\Users\njsne\.stmcufinder\plugins\mcufinder//mcu/
2024-11-20 14:47:18,967 [INFO] DbMcusAds:125 - Set database path to: C:\Users\njsne\.stmcufinder\plugins\mcufinder//mcu/
2024-11-20 14:47:18,971 [INFO] CrossReferenceDbSqlite:203 - Set database path to: C:\Users\njsne\.stmcufinder\plugins\mcufinder//mcu/cs/
2024-11-20 14:47:19,082 [INFO] RulesReader:64 - Compatibility file has been processed (297 Rules)
2024-11-20 14:47:19,182 [INFO] DbMcusXml:78 - Set database path to: C:\ST\STM32CubeIDE_1.16.0\STM32CubeIDE\plugins\com.st.stm32cube.common.mx_6.12.0.202406281431\\db\/mcu/
2024-11-20 14:47:19,182 [INFO] ApiDb:274 - Set plugin database path to: C:\ST\STM32CubeIDE_1.16.0\STM32CubeIDE\plugins\com.st.stm32cube.common.mx_6.12.0.202406281431\\db\/plugins/boardmanager/
2024-11-20 14:47:19,182 [INFO] ApiDb:261 - Set plugin images path to: C:\ST\STM32CubeIDE_1.16.0\STM32CubeIDE\plugins\com.st.stm32cube.common.mx_6.12.0.202406281431\\db\/plugins/mcufinder/images/
2024-11-20 14:47:19,182 [WARN] DbFile:41 - Overriding database path with different value: C:\Users\njsne\.stmcufinder\plugins\mcufinder/ => C:\Users\njsne\.stmcufinder\plugins\mcufinder
2024-11-20 14:47:19,182 [INFO] ApiDb:250 - Set database path to: C:\Users\njsne\.stmcufinder\plugins\mcufinder//mcu/
2024-11-20 14:47:19,183 [WARN] DbFile:41 - Overriding database path with different value: C:\Users\njsne\.stmcufinder\plugins\mcufinder/ => C:\Users\njsne\.stmcufinder\plugins\mcufinder
2024-11-20 14:47:19,183 [INFO] DbMcusAds:125 - Set database path to: C:\Users\njsne\.stmcufinder\plugins\mcufinder//mcu/
2024-11-20 14:47:19,183 [WARN] DbFile:41 - Overriding database path with different value: C:\Users\njsne\.stmcufinder\plugins\mcufinder/ => C:\Users\njsne\.stmcufinder\plugins\mcufinder
2024-11-20 14:47:19,183 [WARN] DbFile:41 - Overriding database path with different value: C:\Users\njsne\.stmcufinder\plugins\mcufinder/ => C:\Users\njsne\.stmcufinder\plugins\mcufinder
2024-11-20 14:47:19,183 [INFO] CrossReferenceDbSqlite:203 - Set database path to: C:\Users\njsne\.stmcufinder\plugins\mcufinder//mcu/cs/
2024-11-20 14:47:19,279 [INFO] MainPanel:268 - HeapMemory: 268435456
2024-11-20 14:47:19,388 [INFO] DbMcusXml:78 - Set database path to: C:\ST\STM32CubeIDE_1.16.0\STM32CubeIDE\plugins\com.st.stm32cube.common.mx_6.12.0.202406281431\\db\/mcu/
2024-11-20 14:47:19,388 [INFO] ApiDb:274 - Set plugin database path to: C:\ST\STM32CubeIDE_1.16.0\STM32CubeIDE\plugins\com.st.stm32cube.common.mx_6.12.0.202406281431\\db\/plugins/boardmanager/
2024-11-20 14:47:19,388 [INFO] ApiDb:261 - Set plugin images path to: C:\ST\STM32CubeIDE_1.16.0\STM32CubeIDE\plugins\com.st.stm32cube.common.mx_6.12.0.202406281431\\db\/plugins/mcufinder/images/
2024-11-20 14:47:19,388 [WARN] DbFile:41 - Overriding database path with different value: C:\Users\njsne\.stmcufinder\plugins\mcufinder/ => C:\Users\njsne\.stmcufinder\plugins\mcufinder
2024-11-20 14:47:19,388 [INFO] ApiDb:250 - Set database path to: C:\Users\njsne\.stmcufinder\plugins\mcufinder//mcu/
2024-11-20 14:47:19,388 [WARN] DbFile:41 - Overriding database path with different value: C:\Users\njsne\.stmcufinder\plugins\mcufinder/ => C:\Users\njsne\.stmcufinder\plugins\mcufinder
2024-11-20 14:47:19,389 [INFO] DbMcusAds:125 - Set database path to: C:\Users\njsne\.stmcufinder\plugins\mcufinder//mcu/
2024-11-20 14:47:19,389 [WARN] DbFile:41 - Overriding database path with different value: C:\Users\njsne\.stmcufinder\plugins\mcufinder/ => C:\Users\njsne\.stmcufinder\plugins\mcufinder
2024-11-20 14:47:19,389 [WARN] DbFile:41 - Overriding database path with different value: C:\Users\njsne\.stmcufinder\plugins\mcufinder/ => C:\Users\njsne\.stmcufinder\plugins\mcufinder
2024-11-20 14:47:19,389 [INFO] CrossReferenceDbSqlite:203 - Set database path to: C:\Users\njsne\.stmcufinder\plugins\mcufinder//mcu/cs/
2024-11-20 14:47:19,409 [INFO] ApplicationProperties:184 - Using Application install path: C:\ST\STM32CubeIDE_1.16.0\STM32CubeIDE\plugins\com.st.stm32cube.common.mx_6.12.0.202406281431
2024-11-20 14:47:19,410 [INFO] PluginManage:196 - Search for loadable plugins [exclusion list=, ]
2024-11-20 14:47:19,412 [INFO] PluginManage:310 - Check plugin analytics
2024-11-20 14:47:19,589 [INFO] AnalyticsPlugin:253 - Accepted Software Licenses: 
2024-11-20 14:47:19,589 [INFO] AnalyticsPlugin:255 - Accepted CMSIS Pack Licenses: 
2024-11-20 14:47:19,590 [INFO] AnalyticsPlugin:257 - Accepted Firmware Licenses: 
2024-11-20 14:47:19,591 [INFO] PluginManage:359 - Loaded plugin analytics (category:tool,tabindex:-1)
2024-11-20 14:47:19,592 [INFO] PluginManage:310 - Check plugin cadmodel
2024-11-20 14:47:19,610 [INFO] CADModel:105 - Init CAD model plugin
2024-11-20 14:47:19,610 [INFO] PluginManage:359 - Loaded plugin cadmodel (category:power,tabindex:5)
2024-11-20 14:47:19,611 [INFO] PluginManage:310 - Check plugin clock
2024-11-20 14:47:19,635 [INFO] PluginManage:359 - Loaded plugin clock (category:base,tabindex:2)
2024-11-20 14:47:19,635 [INFO] PluginManage:310 - Check plugin ddr
2024-11-20 14:47:19,639 [INFO] PluginManage:359 - Loaded plugin ddr (category:tool,tabindex:6)
2024-11-20 14:47:19,640 [INFO] PluginManage:310 - Check plugin filemanager
2024-11-20 14:47:19,780 [INFO] PluginManage:359 - Loaded plugin filemanager (category:base,tabindex:10)
2024-11-20 14:47:19,780 [INFO] PluginManage:310 - Check plugin ipmanager
2024-11-20 14:47:19,789 [INFO] PluginManage:359 - Loaded plugin ipmanager (category:base,tabindex:5)
2024-11-20 14:47:19,789 [INFO] PluginManage:310 - Check plugin lpbam
2024-11-20 14:47:19,811 [INFO] PluginManage:359 - Loaded plugin lpbam (category:base,tabindex:0)
2024-11-20 14:47:19,812 [INFO] PluginManage:310 - Check plugin memorymap
2024-11-20 14:47:19,840 [INFO] PluginManage:359 - Loaded plugin memorymap (category:base,tabindex:4)
2024-11-20 14:47:19,840 [INFO] PluginManage:310 - Check plugin pinoutandconfiguration
2024-11-20 14:47:19,862 [INFO] PluginManage:359 - Loaded plugin pinoutandconfiguration (category:base,tabindex:1)
2024-11-20 14:47:19,862 [INFO] PluginManage:310 - Check plugin pinoutconfig
2024-11-20 14:47:19,985 [WARN] SupportedApi:132 - Cannot load RTOS API schema: s4s-elt-must-match.1: The content of 'definitions' must match (annotation?, (simpleType | complexType)?, (unique | key | keyref)*)). A problem was found starting at: attribute.
2024-11-20 14:47:20,132 [INFO] PluginManage:359 - Loaded plugin pinoutconfig (category:base,tabindex:0)
2024-11-20 14:47:20,132 [INFO] PluginManage:310 - Check plugin power
2024-11-20 14:47:20,155 [INFO] PluginManage:359 - Loaded plugin power (category:power,tabindex:4)
2024-11-20 14:47:20,155 [INFO] PluginManage:310 - Check plugin projectmanager
2024-11-20 14:47:20,170 [INFO] PluginManage:359 - Loaded plugin projectmanager (category:projectmanager,tabindex:4)
2024-11-20 14:47:20,170 [INFO] PluginManage:310 - Check plugin rif
2024-11-20 14:47:20,191 [INFO] PluginManage:359 - Loaded plugin rif (category:base,tabindex:3)
2024-11-20 14:47:20,192 [INFO] PluginManage:310 - Check plugin thirdparty
2024-11-20 14:47:20,493 [INFO] PluginManage:359 - Loaded plugin thirdparty (category:base,tabindex:-1)
2024-11-20 14:47:20,493 [WARN] IntegrityCheckThread:84 - waiting for thirdparty lock release [integrity check]
2024-11-20 14:47:20,493 [INFO] PluginManage:310 - Check plugin tools
2024-11-20 14:47:20,493 [INFO] IntegrityCheckThread:86 - entering critical section [integrity check]
2024-11-20 14:47:20,493 [INFO] ThirdPartyUpdaterWithRetryManager:70 - Updater plugin not ready yet. [1/15]
2024-11-20 14:47:20,530 [INFO] PluginManage:359 - Loaded plugin tools (category:base,tabindex:7)
2024-11-20 14:47:20,530 [INFO] PluginManage:310 - Check plugin tutovideos
2024-11-20 14:47:20,718 [INFO] PluginManage:359 - Loaded plugin tutovideos (category:base,tabindex:-1)
2024-11-20 14:47:20,718 [INFO] PluginManage:310 - Check plugin updater
2024-11-20 14:47:20,736 [INFO] PluginManage:359 - Loaded plugin updater (category:base,tabindex:12)
2024-11-20 14:47:20,736 [INFO] PluginManage:310 - Check plugin userauth
2024-11-20 14:47:20,742 [INFO] UserAuth:113 - Init User Auth plugin
2024-11-20 14:47:20,742 [INFO] PluginManage:359 - Loaded plugin userauth (category:base,tabindex:14)
2024-11-20 14:47:20,743 [INFO] PluginManage:283 - PluginManage : Loaded plugins [18]
2024-11-20 14:47:20,970 [INFO] PinOutPanel:1561 - setPackage(No Configuration,No Configuration)
2024-11-20 14:47:21,091 [INFO] CADModel:165 - CPN selected for project level
2024-11-20 14:47:21,091 [INFO] CADModel:114 - Register for checkConnection events
2024-11-20 14:47:21,122 [INFO] IPUIPlugin:80 - create IPUIPlugin
2024-11-20 14:47:21,123 [INFO] PluginManager:220 - loadIPPluginJar : add adc
2024-11-20 14:47:21,172 [INFO] IPUIPlugin:80 - create IPUIPlugin
2024-11-20 14:47:21,172 [INFO] PluginManager:220 - loadIPPluginJar : add aes
2024-11-20 14:47:21,235 [INFO] IPUIPlugin:80 - create IPUIPlugin
2024-11-20 14:47:21,235 [INFO] PluginManager:220 - loadIPPluginJar : add can
2024-11-20 14:47:21,268 [INFO] IPUIPlugin:80 - create IPUIPlugin
2024-11-20 14:47:21,268 [INFO] PluginManager:220 - loadIPPluginJar : add comp
2024-11-20 14:47:21,307 [INFO] IPUIPlugin:80 - create IPUIPlugin
2024-11-20 14:47:21,307 [INFO] PluginManager:220 - loadIPPluginJar : add cryp
2024-11-20 14:47:21,325 [INFO] IPUIPlugin:80 - create IPUIPlugin
2024-11-20 14:47:21,325 [INFO] PluginManager:220 - loadIPPluginJar : add ddr_ctrl_phy
2024-11-20 14:47:21,360 [INFO] IPUIPlugin:80 - create IPUIPlugin
2024-11-20 14:47:21,360 [INFO] PluginManager:220 - loadIPPluginJar : add dfsdm
2024-11-20 14:47:21,376 [INFO] IPUIPlugin:80 - create IPUIPlugin
2024-11-20 14:47:21,377 [INFO] PluginManager:220 - loadIPPluginJar : add dma
2024-11-20 14:47:21,420 [INFO] IPUIPlugin:80 - create IPUIPlugin
2024-11-20 14:47:21,420 [INFO] PluginManager:220 - loadIPPluginJar : add dma3
2024-11-20 14:47:21,465 [INFO] IPUIPlugin:80 - create IPUIPlugin
2024-11-20 14:47:21,465 [INFO] PluginManager:220 - loadIPPluginJar : add extmemmanager
2024-11-20 14:47:21,489 [INFO] IPUIPlugin:80 - create IPUIPlugin
2024-11-20 14:47:21,489 [INFO] PluginManager:220 - loadIPPluginJar : add fatfs
2024-11-20 14:47:21,551 [INFO] IPUIPlugin:80 - create IPUIPlugin
2024-11-20 14:47:21,551 [INFO] PluginManager:220 - loadIPPluginJar : add fmc
2024-11-20 14:47:21,568 [INFO] IPUIPlugin:80 - create IPUIPlugin
2024-11-20 14:47:21,568 [INFO] PluginManager:220 - loadIPPluginJar : add freertos
2024-11-20 14:47:21,590 [INFO] IPUIPlugin:80 - create IPUIPlugin
2024-11-20 14:47:21,590 [INFO] PluginManager:220 - loadIPPluginJar : add genericplugin
2024-11-20 14:47:21,712 [INFO] IPUIPlugin:80 - create IPUIPlugin
2024-11-20 14:47:21,712 [INFO] PluginManager:220 - loadIPPluginJar : add gfxmmu
2024-11-20 14:47:21,889 [INFO] IPUIPlugin:80 - create IPUIPlugin
2024-11-20 14:47:21,889 [INFO] PluginManager:220 - loadIPPluginJar : add gic
2024-11-20 14:47:21,906 [INFO] IPUIPlugin:80 - create IPUIPlugin
2024-11-20 14:47:21,906 [INFO] PluginManager:220 - loadIPPluginJar : add gpio
2024-11-20 14:47:22,030 [INFO] IPUIPlugin:80 - create IPUIPlugin
2024-11-20 14:47:22,030 [INFO] PluginManager:220 - loadIPPluginJar : add gtzc
2024-11-20 14:47:22,072 [INFO] IPUIPlugin:80 - create IPUIPlugin
2024-11-20 14:47:22,072 [INFO] PluginManager:220 - loadIPPluginJar : add hash
2024-11-20 14:47:22,125 [INFO] IPUIPlugin:80 - create IPUIPlugin
2024-11-20 14:47:22,125 [INFO] PluginManager:220 - loadIPPluginJar : add i2c
2024-11-20 14:47:22,166 [INFO] IPUIPlugin:80 - create IPUIPlugin
2024-11-20 14:47:22,166 [INFO] PluginManager:220 - loadIPPluginJar : add i2s
2024-11-20 14:47:22,210 [INFO] IPUIPlugin:80 - create IPUIPlugin
2024-11-20 14:47:22,210 [INFO] PluginManager:220 - loadIPPluginJar : add i3c
2024-11-20 14:47:22,339 [INFO] IPUIPlugin:80 - create IPUIPlugin
2024-11-20 14:47:22,339 [INFO] PluginManager:220 - loadIPPluginJar : add ipddr
2024-11-20 14:47:22,444 [INFO] IPUIPlugin:80 - create IPUIPlugin
2024-11-20 14:47:22,444 [INFO] PluginManager:220 - loadIPPluginJar : add linkedlist
2024-11-20 14:47:22,483 [INFO] IPUIPlugin:80 - create IPUIPlugin
2024-11-20 14:47:22,483 [INFO] PluginManager:220 - loadIPPluginJar : add lorawan
2024-11-20 14:47:22,525 [INFO] IPUIPlugin:80 - create IPUIPlugin
2024-11-20 14:47:22,526 [INFO] PluginManager:220 - loadIPPluginJar : add ltdc
2024-11-20 14:47:22,541 [INFO] IPUIPlugin:80 - create IPUIPlugin
2024-11-20 14:47:22,542 [INFO] PluginManager:220 - loadIPPluginJar : add mdma
2024-11-20 14:47:22,557 [INFO] IPUIPlugin:80 - create IPUIPlugin
2024-11-20 14:47:22,557 [INFO] PluginManager:220 - loadIPPluginJar : add nvic
2024-11-20 14:47:22,597 [INFO] IPUIPlugin:80 - create IPUIPlugin
2024-11-20 14:47:22,597 [INFO] PluginManager:220 - loadIPPluginJar : add opamp
2024-11-20 14:47:22,662 [INFO] IPUIPlugin:80 - create IPUIPlugin
2024-11-20 14:47:22,663 [INFO] PluginManager:220 - loadIPPluginJar : add openamp
2024-11-20 14:47:22,706 [INFO] IPUIPlugin:80 - create IPUIPlugin
2024-11-20 14:47:22,706 [INFO] PluginManager:220 - loadIPPluginJar : add pdm2pcm
2024-11-20 14:47:22,723 [INFO] IPUIPlugin:80 - create IPUIPlugin
2024-11-20 14:47:22,725 [INFO] PluginManager:220 - loadIPPluginJar : add plateformsettings
2024-11-20 14:47:22,748 [INFO] IPUIPlugin:80 - create IPUIPlugin
2024-11-20 14:47:22,749 [INFO] PluginManager:220 - loadIPPluginJar : add quadspi
2024-11-20 14:47:22,776 [INFO] IPUIPlugin:80 - create IPUIPlugin
2024-11-20 14:47:22,777 [INFO] PluginManager:220 - loadIPPluginJar : add radio
2024-11-20 14:47:22,792 [INFO] IPUIPlugin:80 - create IPUIPlugin
2024-11-20 14:47:22,792 [INFO] PluginManager:220 - loadIPPluginJar : add resmgrutility
2024-11-20 14:47:22,842 [INFO] IPUIPlugin:80 - create IPUIPlugin
2024-11-20 14:47:22,842 [INFO] PluginManager:220 - loadIPPluginJar : add sai
2024-11-20 14:47:22,891 [INFO] IPUIPlugin:80 - create IPUIPlugin
2024-11-20 14:47:22,891 [INFO] PluginManager:220 - loadIPPluginJar : add spi
2024-11-20 14:47:22,967 [INFO] IPUIPlugin:80 - create IPUIPlugin
2024-11-20 14:47:22,967 [INFO] PluginManager:220 - loadIPPluginJar : add stm32_wpan
2024-11-20 14:47:22,994 [INFO] IPUIPlugin:80 - create IPUIPlugin
2024-11-20 14:47:22,994 [INFO] PluginManager:220 - loadIPPluginJar : add tim
2024-11-20 14:47:23,062 [INFO] IPUIPlugin:80 - create IPUIPlugin
2024-11-20 14:47:23,062 [INFO] PluginManager:220 - loadIPPluginJar : add touchsensing
2024-11-20 14:47:23,090 [INFO] IPUIPlugin:80 - create IPUIPlugin
2024-11-20 14:47:23,090 [INFO] PluginManager:220 - loadIPPluginJar : add tracer_emb
2024-11-20 14:47:23,117 [INFO] IPUIPlugin:80 - create IPUIPlugin
2024-11-20 14:47:23,117 [INFO] PluginManager:220 - loadIPPluginJar : add ts
2024-11-20 14:47:23,142 [INFO] IPUIPlugin:80 - create IPUIPlugin
2024-11-20 14:47:23,142 [INFO] PluginManager:220 - loadIPPluginJar : add tsc
2024-11-20 14:47:23,164 [INFO] IPUIPlugin:80 - create IPUIPlugin
2024-11-20 14:47:23,164 [INFO] PluginManager:220 - loadIPPluginJar : add ucpd
2024-11-20 14:47:23,210 [INFO] IPUIPlugin:80 - create IPUIPlugin
2024-11-20 14:47:23,210 [INFO] PluginManager:220 - loadIPPluginJar : add usart
2024-11-20 14:47:23,255 [INFO] IPUIPlugin:80 - create IPUIPlugin
2024-11-20 14:47:23,255 [INFO] PluginManager:220 - loadIPPluginJar : add usbx
2024-11-20 14:47:23,402 [INFO] CADModel:165 - CPN selected for project level
2024-11-20 14:47:23,402 [INFO] CADModel:114 - Register for checkConnection events
2024-11-20 14:47:23,402 [FATAL] Updater:334 - Updater called before beeing initialized
2024-11-20 14:47:23,402 [ERROR] CADModel:125 - Updater not yet initialized, retry later 
2024-11-20 14:47:23,496 [INFO] ThirdPartyUpdaterWithRetryManager:70 - Updater plugin not ready yet. [2/15]
2024-11-20 14:47:23,575 [INFO] CADModel:165 - CPN selected for project level
2024-11-20 14:47:23,575 [INFO] CADModel:114 - Register for checkConnection events
2024-11-20 14:47:23,575 [FATAL] Updater:334 - Updater called before beeing initialized
2024-11-20 14:47:23,575 [ERROR] CADModel:125 - Updater not yet initialized, retry later 
2024-11-20 14:47:23,578 [FATAL] Updater:334 - Updater called before beeing initialized
2024-11-20 14:47:23,702 [FATAL] Updater:334 - Updater called before beeing initialized
2024-11-20 14:47:23,713 [INFO] DbMcusAds:53 - JSON generation date=Thu Sep 30 03:55:09 BRT 2021 (1632984909247)
2024-11-20 14:47:23,713 [FATAL] Updater:334 - Updater called before beeing initialized
2024-11-20 14:47:23,756 [WARN] DetailPanel:346 - Failed to get advertising image, set to default
2024-11-20 14:47:23,858 [FATAL] Updater:334 - Updater called before beeing initialized
2024-11-20 14:47:23,861 [FATAL] Updater:334 - Updater called before beeing initialized
2024-11-20 14:47:23,861 [FATAL] Updater:334 - Updater called before beeing initialized
2024-11-20 14:47:23,861 [WARN] DetailPanel:346 - Failed to get advertising image, set to default
2024-11-20 14:47:23,862 [FATAL] Updater:334 - Updater called before beeing initialized
2024-11-20 14:47:23,936 [ERROR] Updater:1164 - MainUpdater not yet initialized. External WinMGr cannot be set.
2024-11-20 14:47:23,948 [INFO] Updater:1100 - Updater Version found : 6.12.0
2024-11-20 14:47:23,969 [INFO] ApplicationProperties:184 - Using Application install path: C:\ST\STM32CubeIDE_1.16.0\STM32CubeIDE\plugins\com.st.stm32cube.common.mx_6.12.0.202406281431
2024-11-20 14:47:25,563 [ERROR] LogOutputStream:75 - [STDERR_REDIRECT] Nov 20, 2024 2:47:25 PM java.util.prefs.WindowsPreferences <init>
2024-11-20 14:47:25,564 [ERROR] LogOutputStream:75 - [STDERR_REDIRECT] WARNING: Could not open/create prefs root node Software\JavaSoft\Prefs at root 0xffffffff80000002. Windows RegCreateKeyEx(...) returned error code 5.
2024-11-20 14:47:25,565 [ERROR] LogOutputStream:75 - [STDERR_REDIRECT] 
2024-11-20 14:47:25,841 [INFO] MainUpdater:2873 - connection check result : 10
2024-11-20 14:47:25,842 [INFO] MainUpdater:3567 - Updater definition file requires update
2024-11-20 14:47:25,844 [INFO] MainUpdater:290 - Updater Check For Update Now.
2024-11-20 14:47:25,844 [INFO] MicroXplorer:498 - Change Database Version : DB.6.0.120
2024-11-20 14:47:25,861 [INFO] McuFinderGlobals:63 - Set McuFinder mode to 2 (CubeIDE integrated)
2024-11-20 14:47:25,861 [INFO] UserAuth:179 - activating auth plugin
2024-11-20 14:47:25,865 [INFO] UserAuth:417 - Internet connection configuration mode: 1
2024-11-20 14:47:25,866 [INFO] ServerAccessManage:473 - Download File updaters.zip
2024-11-20 14:47:25,894 [INFO] JxBrowserEngine:152 - Initiate JxBrowser Engine with user profile folder
2024-11-20 14:47:25,946 [INFO] FileExtend:240 - Unzip File : updaters.zip
2024-11-20 14:47:25,946 [INFO] FileExtend:255 - Standard Zip Deflate
2024-11-20 14:47:26,496 [WARN] MainUpdater:1194 - Updater busy. Cannot search thirdparties
2024-11-20 14:47:26,496 [INFO] ThirdPartyUpdaterWithRetryManager:96 - Updater plugin is busy. [1/15]
2024-11-20 14:47:26,523 [INFO] ServerAccessManage:473 - Download File PacksControlFlags.xml
2024-11-20 14:47:26,627 [INFO] ServerAccessManage:473 - Download File cubemx.pidx
2024-11-20 14:47:26,831 [INFO] ServerAccessManage:473 - Download File STMicroelectronics.FP-ATR-ASTRA1.pdsc
2024-11-20 14:47:29,375 [INFO] ServerAccessManage:473 - Download File quantropi.X-CUBE-qispace-sdk-base.pdsc
2024-11-20 14:47:29,503 [WARN] MainUpdater:1194 - Updater busy. Cannot search thirdparties
2024-11-20 14:47:29,503 [INFO] ThirdPartyUpdaterWithRetryManager:96 - Updater plugin is busy. [2/15]
2024-11-20 14:47:29,640 [WARN] PackLoader:240 - Cannot read IP mode file for STMicroelectronics.FP-ATR-ASTRA1.2.0.1
2024-11-20 14:47:29,651 [WARN] ConditionMgr:438 - getConditionDescription Invalid condition id : Cortex-A Device cause : null
2024-11-20 14:47:29,672 [WARN] ConditionMgr:1039 - genDependencies : Invalid condition id : Cortex-A Device cause : null
2024-11-20 14:47:29,672 [WARN] ConditionMgr:1039 - genDependencies : Invalid condition id : Cortex-A Device cause : null
2024-11-20 14:47:29,672 [WARN] ConditionMgr:1039 - genDependencies : Invalid condition id : Cortex-A Device cause : null
2024-11-20 14:47:29,672 [INFO] PopulateThirdPartyThread:66 - Ending populate Thread
2024-11-20 14:47:29,673 [INFO] ThirdParty:1030 - CMSIS Pack Vendor :STMicroelectronics FP-ATR-ASTRA1 2.0.1
2024-11-20 14:47:29,673 [INFO] ThirdParty:1030 - CMSIS Pack Vendor :quantropi X-CUBE-qispace-sdk-base 1.9.3
2024-11-20 14:47:29,673 [INFO] LoadServerUpdatesThread:375 - End of LoadServerUpdate Thread
2024-11-20 14:47:29,851 [INFO] CheckServerUpdateThread:120 - End of CheckServer Thread
2024-11-20 14:47:33,124 [WARN] PackLoader:240 - Cannot read IP mode file for STMicroelectronics.FP-SNS-MOTENVWB1.1.4.0
2024-11-20 14:47:33,132 [WARN] PackLoader:240 - Cannot read IP mode file for STMicroelectronics.FP-ATR-ASTRA1.2.0.1
2024-11-20 14:47:33,153 [WARN] PackLoader:240 - Cannot read IP mode file for STMicroelectronics.X-CUBE-SMBUS.2.1.0
2024-11-20 14:47:33,175 [WARN] PackLoader:240 - Cannot read IP mode file for STMicroelectronics.X-CUBE-WB05N.1.1.0
2024-11-20 14:47:33,197 [WARN] PackLoader:240 - Cannot read IP mode file for STMicroelectronics.X-CUBE-TOUCHGFX.4.23.2
2024-11-20 14:47:33,402 [WARN] PackLoader:240 - Cannot read IP mode file for STMicroelectronics.X-CUBE-AZRTOS-F7.1.1.0
2024-11-20 14:47:33,506 [WARN] PackLoader:240 - Cannot read IP mode file for STMicroelectronics.X-CUBE-MEMS1.11.0.0
2024-11-20 14:47:33,658 [WARN] PackLoader:240 - Cannot read IP mode file for STMicroelectronics.FP-SNS-FLIGHT1.5.0.2
2024-11-20 14:47:33,679 [WARN] PackLoader:240 - Cannot read IP mode file for STMicroelectronics.X-CUBE-DISPLAY.3.0.0
2024-11-20 14:47:33,702 [WARN] PackLoader:240 - Cannot read IP mode file for STMicroelectronics.X-CUBE-BLE1.7.0.0
2024-11-20 14:47:33,725 [WARN] PackLoader:240 - Cannot read IP mode file for STMicroelectronics.X-CUBE-NFC10.1.0.0
2024-11-20 14:47:33,744 [WARN] PackLoader:240 - Cannot read IP mode file for emotas.I-CUBE-CANOPEN.1.3.0
2024-11-20 14:47:33,767 [WARN] PackLoader:240 - Cannot read IP mode file for STMicroelectronics.X-CUBE-BLEMGR.3.1.0
2024-11-20 14:47:33,768 [INFO] WebApp:167 - Instantiating new browser for Auth
2024-11-20 14:47:33,793 [WARN] PackLoader:240 - Cannot read IP mode file for STMicroelectronics.FP-SNS-SMARTAG2.1.2.0
2024-11-20 14:47:33,827 [INFO] LogOutputStream:77 - [STDOUT_REDIRECT] 1 : Invalid condition id : UX_CORESTACK_Condition cause : null
2024-11-20 14:47:33,828 [INFO] LogOutputStream:77 - [STDOUT_REDIRECT] 1 : Invalid condition id : UX_CORESTACK_Condition cause : null
2024-11-20 14:47:33,830 [INFO] LogOutputStream:77 - [STDOUT_REDIRECT] 1 : Invalid condition id : UX_CORESTACK_Condition cause : null
2024-11-20 14:47:33,832 [INFO] LogOutputStream:77 - [STDOUT_REDIRECT] 1 : Invalid condition id : UX_CORESTACK_Condition cause : null
2024-11-20 14:47:33,833 [INFO] LogOutputStream:77 - [STDOUT_REDIRECT] 1 : Invalid condition id : UX_CORESTACK_Condition cause : null
2024-11-20 14:47:33,836 [WARN] PackLoader:240 - Cannot read IP mode file for STMicroelectronics.X-CUBE-AZRTOS-WL.2.0.0
2024-11-20 14:47:33,893 [WARN] PackLoader:240 - Cannot read IP mode file for STMicroelectronics.FP-SNS-MOTENV1.5.0.0
2024-11-20 14:47:33,934 [WARN] PackLoader:240 - Cannot read IP mode file for wolfSSL.I-CUBE-wolfMQTT.1.19.0
2024-11-20 14:47:33,955 [WARN] PackLoader:240 - Cannot read IP mode file for WES.I-CUBE-Cesium.1.3.0
2024-11-20 14:47:33,975 [WARN] PackLoader:240 - Cannot read IP mode file for STMicroelectronics.X-CUBE-BLE2.3.3.0
2024-11-20 14:47:33,995 [WARN] PackLoader:240 - Cannot read IP mode file for STMicroelectronics.X-CUBE-NFC9.1.0.0
2024-11-20 14:47:34,012 [WARN] PackLoader:240 - Cannot read IP mode file for STMicroelectronics.X-CUBE-TCPP.4.1.0
2024-11-20 14:47:34,032 [WARN] PackLoader:240 - Cannot read IP mode file for STMicroelectronics.X-CUBE-ALGOBUILD.1.3.0
2024-11-20 14:47:34,062 [WARN] PackLoader:240 - Cannot read IP mode file for STMicroelectronics.X-CUBE-AZRTOS-G0.1.1.0
2024-11-20 14:47:34,086 [WARN] PackLoader:240 - Cannot read IP mode file for STMicroelectronics.X-CUBE-SAFEA1.1.2.2
2024-11-20 14:47:34,103 [WARN] PackLoader:240 - Cannot read IP mode file for STMicroelectronics.X-CUBE-NFC4.3.0.0
2024-11-20 14:47:34,128 [WARN] PackLoader:240 - Cannot read IP mode file for EmbeddedOffice.I-CUBE-FS-RTOS.1.0.1
2024-11-20 14:47:34,128 [ERROR] ConditionMgr:805 - Attr not supported : Dmpu
2024-11-20 14:47:34,128 [ERROR] ConditionMgr:805 - Attr not supported : Dmpu
2024-11-20 14:47:34,128 [ERROR] ConditionMgr:805 - Attr not supported : Dmpu
2024-11-20 14:47:34,128 [ERROR] ConditionMgr:805 - Attr not supported : Dmpu
2024-11-20 14:47:34,130 [ERROR] ConditionMgr:805 - Attr not supported : Dmpu
2024-11-20 14:47:34,130 [ERROR] ConditionMgr:805 - Attr not supported : Dmpu
2024-11-20 14:47:34,130 [ERROR] ConditionMgr:805 - Attr not supported : Dmpu
2024-11-20 14:47:34,130 [ERROR] ConditionMgr:805 - Attr not supported : Dmpu
2024-11-20 14:47:34,130 [ERROR] ConditionMgr:805 - Attr not supported : Dmpu
2024-11-20 14:47:34,130 [ERROR] ConditionMgr:805 - Attr not supported : Dmpu
2024-11-20 14:47:34,130 [ERROR] ConditionMgr:805 - Attr not supported : Dmpu
2024-11-20 14:47:34,130 [ERROR] ConditionMgr:805 - Attr not supported : Dmpu
2024-11-20 14:47:34,130 [ERROR] ConditionMgr:805 - Attr not supported : Dmpu
2024-11-20 14:47:34,131 [ERROR] ConditionMgr:805 - Attr not supported : Dmpu
2024-11-20 14:47:34,131 [ERROR] ConditionMgr:805 - Attr not supported : Dmpu
2024-11-20 14:47:34,131 [ERROR] ConditionMgr:805 - Attr not supported : Dmpu
2024-11-20 14:47:34,131 [ERROR] ConditionMgr:805 - Attr not supported : Dmpu
2024-11-20 14:47:34,131 [ERROR] ConditionMgr:805 - Attr not supported : Dmpu
2024-11-20 14:47:34,131 [ERROR] ConditionMgr:805 - Attr not supported : Dmpu
2024-11-20 14:47:34,131 [ERROR] ConditionMgr:805 - Attr not supported : Dmpu
2024-11-20 14:47:34,131 [ERROR] ConditionMgr:805 - Attr not supported : Dmpu
2024-11-20 14:47:34,131 [ERROR] ConditionMgr:805 - Attr not supported : Dmpu
2024-11-20 14:47:34,131 [ERROR] ConditionMgr:805 - Attr not supported : Dmpu
2024-11-20 14:47:34,131 [ERROR] ConditionMgr:805 - Attr not supported : Dmpu
2024-11-20 14:47:34,131 [ERROR] ConditionMgr:805 - Attr not supported : Dmpu
2024-11-20 14:47:34,131 [ERROR] ConditionMgr:805 - Attr not supported : Dmpu
2024-11-20 14:47:34,131 [ERROR] ConditionMgr:805 - Attr not supported : Dmpu
2024-11-20 14:47:34,131 [ERROR] ConditionMgr:805 - Attr not supported : Dmpu
2024-11-20 14:47:34,131 [ERROR] ConditionMgr:805 - Attr not supported : Dmpu
2024-11-20 14:47:34,131 [ERROR] ConditionMgr:805 - Attr not supported : Dmpu
2024-11-20 14:47:34,131 [ERROR] ConditionMgr:805 - Attr not supported : Dmpu
2024-11-20 14:47:34,131 [ERROR] ConditionMgr:805 - Attr not supported : Dmpu
2024-11-20 14:47:34,131 [ERROR] ConditionMgr:805 - Attr not supported : Dmpu
2024-11-20 14:47:34,131 [ERROR] ConditionMgr:805 - Attr not supported : Dmpu
2024-11-20 14:47:34,131 [ERROR] ConditionMgr:805 - Attr not supported : Dmpu
2024-11-20 14:47:34,132 [ERROR] ConditionMgr:805 - Attr not supported : Dmpu
2024-11-20 14:47:34,132 [ERROR] ConditionMgr:805 - Attr not supported : Dmpu
2024-11-20 14:47:34,132 [ERROR] ConditionMgr:805 - Attr not supported : Dmpu
2024-11-20 14:47:34,132 [ERROR] ConditionMgr:805 - Attr not supported : Dmpu
2024-11-20 14:47:34,132 [ERROR] ConditionMgr:805 - Attr not supported : Dmpu
2024-11-20 14:47:34,132 [ERROR] ConditionMgr:805 - Attr not supported : Dmpu
2024-11-20 14:47:34,132 [ERROR] ConditionMgr:805 - Attr not supported : Dmpu
2024-11-20 14:47:34,132 [ERROR] ConditionMgr:805 - Attr not supported : Dmpu
2024-11-20 14:47:34,132 [ERROR] ConditionMgr:805 - Attr not supported : Dmpu
2024-11-20 14:47:34,132 [ERROR] ConditionMgr:805 - Attr not supported : Dmpu
2024-11-20 14:47:34,132 [ERROR] ConditionMgr:805 - Attr not supported : Dmpu
2024-11-20 14:47:34,132 [ERROR] ConditionMgr:805 - Attr not supported : Dmpu
2024-11-20 14:47:34,132 [ERROR] ConditionMgr:805 - Attr not supported : Dmpu
2024-11-20 14:47:34,132 [ERROR] ConditionMgr:805 - Attr not supported : Dmpu
2024-11-20 14:47:34,133 [ERROR] ConditionMgr:805 - Attr not supported : Dmpu
2024-11-20 14:47:34,133 [ERROR] ConditionMgr:805 - Attr not supported : Dmpu
2024-11-20 14:47:34,133 [ERROR] ConditionMgr:805 - Attr not supported : Dmpu
2024-11-20 14:47:34,133 [ERROR] ConditionMgr:805 - Attr not supported : Dmpu
2024-11-20 14:47:34,133 [ERROR] ConditionMgr:805 - Attr not supported : Dmpu
2024-11-20 14:47:34,133 [ERROR] ConditionMgr:805 - Attr not supported : Dmpu
2024-11-20 14:47:34,133 [ERROR] ConditionMgr:805 - Attr not supported : Dmpu
2024-11-20 14:47:34,133 [ERROR] ConditionMgr:805 - Attr not supported : Dmpu
2024-11-20 14:47:34,133 [ERROR] ConditionMgr:805 - Attr not supported : Dmpu
2024-11-20 14:47:34,133 [ERROR] ConditionMgr:805 - Attr not supported : Dmpu
2024-11-20 14:47:34,134 [ERROR] ConditionMgr:805 - Attr not supported : Dmpu
2024-11-20 14:47:34,134 [ERROR] ConditionMgr:805 - Attr not supported : Dmpu
2024-11-20 14:47:34,134 [ERROR] ConditionMgr:805 - Attr not supported : Dmpu
2024-11-20 14:47:34,134 [ERROR] ConditionMgr:805 - Attr not supported : Dmpu
2024-11-20 14:47:34,134 [ERROR] ConditionMgr:805 - Attr not supported : Dmpu
2024-11-20 14:47:34,151 [WARN] PackLoader:240 - Cannot read IP mode file for RealThread.X-CUBE-RT-Thread_Nano.4.1.1
2024-11-20 14:47:34,169 [WARN] PackLoader:240 - Cannot read IP mode file for wolfSSL.I-CUBE-wolfSSL.5.7.0
2024-11-20 14:47:34,176 [WARN] PackLoader:240 - Cannot read IP mode file for STMicroelectronics.FP-ATR-SIGFOX1.3.2.0
2024-11-20 14:47:34,183 [WARN] ConditionMgr:438 - getConditionDescription Invalid condition id : Cortex-A Device cause : null
2024-11-20 14:47:34,192 [WARN] ConditionMgr:1039 - genDependencies : Invalid condition id : Cortex-A Device cause : null
2024-11-20 14:47:34,192 [WARN] ConditionMgr:1039 - genDependencies : Invalid condition id : Cortex-A Device cause : null
2024-11-20 14:47:34,193 [WARN] ConditionMgr:1039 - genDependencies : Invalid condition id : Cortex-A Device cause : null
2024-11-20 14:47:34,213 [WARN] PackLoader:240 - Cannot read IP mode file for STMicroelectronics.X-CUBE-EEPRMA1.5.1.0
2024-11-20 14:47:34,232 [WARN] PackLoader:240 - Cannot read IP mode file for ITTIA_DB.I-CUBE-ITTIADB.8.9.0
2024-11-20 14:47:34,282 [WARN] PackLoader:240 - Cannot read IP mode file for SEGGER.I-CUBE-embOS.1.3.1
2024-11-20 14:47:34,329 [WARN] PackLoader:240 - Cannot read IP mode file for STMicroelectronics.X-CUBE-ALGOBUILD.1.4.0
2024-11-20 14:47:34,347 [WARN] PackLoader:240 - Cannot read IP mode file for STMicroelectronics.X-CUBE-AI.9.1.0
2024-11-20 14:47:34,367 [WARN] PackLoader:240 - Cannot read IP mode file for STMicroelectronics.X-CUBE-GNSS1.6.0.0
2024-11-20 14:47:34,397 [WARN] PackLoader:240 - Cannot read IP mode file for STMicroelectronics.X-CUBE-AZRTOS-F4.1.1.0
2024-11-20 14:47:34,441 [WARN] PackLoader:240 - Cannot read IP mode file for STMicroelectronics.X-CUBE-ISPU.2.1.0
2024-11-20 14:47:34,467 [WARN] PackLoader:240 - Cannot read IP mode file for STMicroelectronics.X-CUBE-FREERTOS.1.2.0
2024-11-20 14:47:34,500 [WARN] PackLoader:240 - Cannot read IP mode file for STMicroelectronics.X-CUBE-AZRTOS-L5.2.0.0
2024-11-20 14:47:34,524 [WARN] PackLoader:240 - Cannot read IP mode file for STMicroelectronics.X-CUBE-NFC6.3.1.0
2024-11-20 14:47:34,542 [WARN] PackLoader:240 - Cannot read IP mode file for STMicroelectronics.X-CUBE-DPower.1.2.0
2024-11-20 14:47:34,559 [WARN] PackLoader:240 - Cannot read IP mode file for STMicroelectronics.X-CUBE-AI.9.0.0
2024-11-20 14:47:34,579 [WARN] PackLoader:240 - Cannot read IP mode file for STMicroelectronics.X-CUBE-NFC7.1.0.1
2024-11-20 14:47:34,597 [WARN] PackLoader:240 - Cannot read IP mode file for STMicroelectronics.X-CUBE-AI.8.1.0
2024-11-20 14:47:34,635 [WARN] ConditionMgr:438 - getConditionDescription Invalid condition id : LAN8742 Phy interface Condition cause : null
2024-11-20 14:47:34,637 [WARN] PackLoader:240 - Cannot read IP mode file for STMicroelectronics.X-CUBE-AZRTOS-L4.2.0.0
2024-11-20 14:47:34,637 [WARN] ConditionMgr:1039 - genDependencies : Invalid condition id : LAN8742 Phy interface Condition cause : null
2024-11-20 14:47:34,637 [WARN] ConditionMgr:1039 - genDependencies : Invalid condition id : LAN8742 Phy interface Condition cause : null
2024-11-20 14:47:34,637 [WARN] ConditionMgr:1039 - genDependencies : Invalid condition id : LAN8742 Phy interface Condition cause : null
2024-11-20 14:47:34,664 [WARN] PackLoader:240 - Cannot read IP mode file for STMicroelectronics.X-CUBE-SFXS2LP1.4.0.0
2024-11-20 14:47:34,699 [WARN] PackLoader:240 - Cannot read IP mode file for STMicroelectronics.X-CUBE-AZRTOS-H7.3.3.0
2024-11-20 14:47:34,724 [WARN] PackLoader:240 - Cannot read IP mode file for STMicroelectronics.X-CUBE-IPS.3.0.0
2024-11-20 14:47:34,763 [WARN] ConditionMgr:438 - getConditionDescription Invalid condition id : UX DEVICE CLASS RTOS Condition cause : null
2024-11-20 14:47:34,763 [WARN] ConditionMgr:438 - getConditionDescription Invalid condition id : UX DEVICE CLASS RTOS Condition cause : null
2024-11-20 14:47:34,766 [WARN] PackLoader:240 - Cannot read IP mode file for STMicroelectronics.X-CUBE-AZRTOS-WB.2.0.0
2024-11-20 14:47:34,767 [WARN] ConditionMgr:1039 - genDependencies : Invalid condition id : UX DEVICE CLASS RTOS Condition cause : null
2024-11-20 14:47:34,767 [WARN] ConditionMgr:1039 - genDependencies : Invalid condition id : UX DEVICE CLASS RTOS Condition cause : null
2024-11-20 14:47:34,768 [WARN] ConditionMgr:1039 - genDependencies : Invalid condition id : UX DEVICE CLASS RTOS Condition cause : null
2024-11-20 14:47:34,768 [WARN] ConditionMgr:1039 - genDependencies : Invalid condition id : UX DEVICE CLASS RTOS Condition cause : null
2024-11-20 14:47:34,769 [WARN] ConditionMgr:1039 - genDependencies : Invalid condition id : UX DEVICE CLASS RTOS Condition cause : null
2024-11-20 14:47:34,789 [WARN] PackLoader:240 - Cannot read IP mode file for STMicroelectronics.X-CUBE-GNSS1.7.0.0
2024-11-20 14:47:34,808 [WARN] PackLoader:240 - Cannot read IP mode file for STMicroelectronics.FP-SNS-STBOX1.2.0.0
2024-11-20 14:47:34,832 [WARN] PackLoader:240 - Cannot read IP mode file for STMicroelectronics.X-CUBE-SUBG2.5.0.0
2024-11-20 14:47:34,844 [WARN] PackLoader:240 - Cannot read IP mode file for Cesanta.I-CUBE-Mongoose.7.13.0
2024-11-20 14:47:35,061 [WARN] PackLoader:240 - Cannot read IP mode file for STMicroelectronics.X-CUBE-AZRTOS-G4.2.0.0
2024-11-20 14:47:35,079 [WARN] PackLoader:240 - Cannot read IP mode file for STMicroelectronics.FP-SNS-MOTENVWB1.1.3.1
2024-11-20 14:47:35,094 [WARN] PackLoader:240 - Cannot read IP mode file for STMicroelectronics.X-CUBE-ISPU.2.0.0
2024-11-20 14:47:35,109 [WARN] PackLoader:240 - Cannot read IP mode file for STMicroelectronics.X-CUBE-ALS.1.0.2
2024-11-20 14:47:35,112 [INFO] WebApp:448 - Apply proxy settings
2024-11-20 14:47:35,113 [INFO] WebApp:533 - Chromium requires no authentication
2024-11-20 14:47:35,124 [INFO] WebApp:476 - Direct internet connection detected
2024-11-20 14:47:35,162 [WARN] PackLoader:240 - Cannot read IP mode file for STMicroelectronics.X-CUBE-MEMS1.10.0.0
2024-11-20 14:47:35,196 [INFO] WebApp:869 - Register for checkConnection events
2024-11-20 14:47:35,196 [INFO] WebApp:448 - Apply proxy settings
2024-11-20 14:47:35,196 [INFO] WebApp:533 - Chromium requires no authentication
2024-11-20 14:47:35,196 [INFO] WebApp:476 - Direct internet connection detected
2024-11-20 14:47:35,269 [WARN] PackLoader:240 - Cannot read IP mode file for STMicroelectronics.X-CUBE-FREERTOS.1.1.0
2024-11-20 14:47:35,286 [WARN] PackLoader:240 - Cannot read IP mode file for STMicroelectronics.X-CUBE-TOUCHGFX.4.24.0
2024-11-20 14:47:35,300 [WARN] PackLoader:240 - Cannot read IP mode file for STMicroelectronics.X-CUBE-TOUCHGFX.4.24.1
2024-11-20 14:47:35,305 [WARN] PackLoader:240 - Cannot read IP mode file for wolfSSL.I-CUBE-wolfTPM.3.4.0
2024-11-20 14:47:35,323 [WARN] PackLoader:240 - Cannot read IP mode file for portGmbH.I-Cube-SoM-uGOAL.1.1.0
2024-11-20 14:47:35,334 [WARN] PackLoader:240 - Cannot read IP mode file for STMicroelectronics.X-CUBE-ALS.1.0.1
2024-11-20 14:47:35,366 [WARN] PackLoader:240 - Cannot read IP mode file for STMicroelectronics.X-CUBE-AZRTOS-H7RS.1.0.0
2024-11-20 14:47:35,372 [WARN] PackLoader:240 - Cannot read IP mode file for STMicroelectronics.FP-ATR-ASTRA1.2.0.0
2024-11-20 14:47:35,391 [WARN] PackLoader:240 - Cannot read IP mode file for STMicroelectronics.X-CUBE-TOF1.3.4.2
2024-11-20 14:47:35,429 [WARN] PackLoader:240 - Cannot read IP mode file for STMicroelectronics.X-CUBE-TOF1.3.4.1
2024-11-20 14:47:35,592 [INFO] WebApp:186 - Connection restablished
2024-11-20 14:47:35,620 [WARN] PackLoader:240 - Cannot read IP mode file for STMicroelectronics.X-CUBE-AZRTOS-H7.3.2.0
2024-11-20 14:47:35,627 [INFO] WebApp:220 - Starting web application
2024-11-20 14:47:35,627 [INFO] WebApp:578 - Web application path used C:\ST\STM32CubeIDE_1.16.0\STM32CubeIDE\plugins\com.st.stm32cube.common.mx_6.12.0.202406281431\db\plugins\mcufinder\reactClient1\index.html
2024-11-20 14:47:35,666 [WARN] PackLoader:240 - Cannot read IP mode file for Infineon.AIROC-Wi-Fi-Bluetooth-STM32.1.6.0
2024-11-20 14:47:35,677 [WARN] PackLoader:240 - Cannot read IP mode file for wolfSSL.I-CUBE-wolfSSH.1.4.17
2024-11-20 14:47:35,678 [INFO] ThirdParty:978 - Integrity check success = true
2024-11-20 14:47:35,678 [INFO] IntegrityCheckThread:100 - exiting critical section [integrity check]
2024-11-20 14:47:35,678 [INFO] IntegrityCheckThread:103 - End integrity checks thread
