2024-08-31 17:52:42,417 [INFO] Activator:176 - 


2024-08-31 17:52:42,419 [INFO] Activator:177 - !SESSION log4j initialized
2024-08-31 17:52:45,167 [INFO] LogOutputStream:77 - [STDOUT_REDIRECT] 
2024-08-31 17:52:47,388 [INFO] ApplicationProperties:184 - Using Application install path: C:\ST\STM32CubeIDE_1.16.0\STM32CubeIDE\plugins\com.st.stm32cube.common.mx_6.12.0.202406281431
2024-08-31 17:52:47,403 [INFO] DbMcusXml:78 - Set database path to: C:\ST\STM32CubeIDE_1.16.0\STM32CubeIDE\plugins\com.st.stm32cube.common.mx_6.12.0.202406281431\\db\/mcu/
2024-08-31 17:52:47,404 [INFO] ApiDb:274 - Set plugin database path to: C:\ST\STM32CubeIDE_1.16.0\STM32CubeIDE\plugins\com.st.stm32cube.common.mx_6.12.0.202406281431\\db\/plugins/boardmanager/
2024-08-31 17:52:47,404 [WARN] ApiDb:259 - Overriding images path with different value:  => C:\ST\STM32CubeIDE_1.16.0\STM32CubeIDE\plugins\com.st.stm32cube.common.mx_6.12.0.202406281431\\db\/plugins/mcufinder/images/
2024-08-31 17:52:47,411 [INFO] ApiDb:250 - Set database path to: C:\Users\njsne\.stmcufinder\plugins\mcufinder//mcu/
2024-08-31 17:52:47,412 [INFO] DbMcusAds:125 - Set database path to: C:\Users\njsne\.stmcufinder\plugins\mcufinder//mcu/
2024-08-31 17:52:47,415 [INFO] CrossReferenceDbSqlite:203 - Set database path to: C:\Users\njsne\.stmcufinder\plugins\mcufinder//mcu/cs/
2024-08-31 17:52:47,502 [INFO] RulesReader:64 - Compatibility file has been processed (297 Rules)
2024-08-31 17:52:47,588 [INFO] DbMcusXml:78 - Set database path to: C:\ST\STM32CubeIDE_1.16.0\STM32CubeIDE\plugins\com.st.stm32cube.common.mx_6.12.0.202406281431\\db\/mcu/
2024-08-31 17:52:47,588 [INFO] ApiDb:274 - Set plugin database path to: C:\ST\STM32CubeIDE_1.16.0\STM32CubeIDE\plugins\com.st.stm32cube.common.mx_6.12.0.202406281431\\db\/plugins/boardmanager/
2024-08-31 17:52:47,588 [INFO] ApiDb:261 - Set plugin images path to: C:\ST\STM32CubeIDE_1.16.0\STM32CubeIDE\plugins\com.st.stm32cube.common.mx_6.12.0.202406281431\\db\/plugins/mcufinder/images/
2024-08-31 17:52:47,588 [WARN] DbFile:41 - Overriding database path with different value: C:\Users\njsne\.stmcufinder\plugins\mcufinder/ => C:\Users\njsne\.stmcufinder\plugins\mcufinder
2024-08-31 17:52:47,588 [INFO] ApiDb:250 - Set database path to: C:\Users\njsne\.stmcufinder\plugins\mcufinder//mcu/
2024-08-31 17:52:47,588 [WARN] DbFile:41 - Overriding database path with different value: C:\Users\njsne\.stmcufinder\plugins\mcufinder/ => C:\Users\njsne\.stmcufinder\plugins\mcufinder
2024-08-31 17:52:47,588 [INFO] DbMcusAds:125 - Set database path to: C:\Users\njsne\.stmcufinder\plugins\mcufinder//mcu/
2024-08-31 17:52:47,588 [WARN] DbFile:41 - Overriding database path with different value: C:\Users\njsne\.stmcufinder\plugins\mcufinder/ => C:\Users\njsne\.stmcufinder\plugins\mcufinder
2024-08-31 17:52:47,588 [WARN] DbFile:41 - Overriding database path with different value: C:\Users\njsne\.stmcufinder\plugins\mcufinder/ => C:\Users\njsne\.stmcufinder\plugins\mcufinder
2024-08-31 17:52:47,588 [INFO] CrossReferenceDbSqlite:203 - Set database path to: C:\Users\njsne\.stmcufinder\plugins\mcufinder//mcu/cs/
2024-08-31 17:52:47,669 [INFO] MainPanel:268 - HeapMemory: 268435456
2024-08-31 17:52:47,760 [INFO] DbMcusXml:78 - Set database path to: C:\ST\STM32CubeIDE_1.16.0\STM32CubeIDE\plugins\com.st.stm32cube.common.mx_6.12.0.202406281431\\db\/mcu/
2024-08-31 17:52:47,760 [INFO] ApiDb:274 - Set plugin database path to: C:\ST\STM32CubeIDE_1.16.0\STM32CubeIDE\plugins\com.st.stm32cube.common.mx_6.12.0.202406281431\\db\/plugins/boardmanager/
2024-08-31 17:52:47,760 [INFO] ApiDb:261 - Set plugin images path to: C:\ST\STM32CubeIDE_1.16.0\STM32CubeIDE\plugins\com.st.stm32cube.common.mx_6.12.0.202406281431\\db\/plugins/mcufinder/images/
2024-08-31 17:52:47,760 [WARN] DbFile:41 - Overriding database path with different value: C:\Users\njsne\.stmcufinder\plugins\mcufinder/ => C:\Users\njsne\.stmcufinder\plugins\mcufinder
2024-08-31 17:52:47,760 [INFO] ApiDb:250 - Set database path to: C:\Users\njsne\.stmcufinder\plugins\mcufinder//mcu/
2024-08-31 17:52:47,761 [WARN] DbFile:41 - Overriding database path with different value: C:\Users\njsne\.stmcufinder\plugins\mcufinder/ => C:\Users\njsne\.stmcufinder\plugins\mcufinder
2024-08-31 17:52:47,761 [INFO] DbMcusAds:125 - Set database path to: C:\Users\njsne\.stmcufinder\plugins\mcufinder//mcu/
2024-08-31 17:52:47,761 [WARN] DbFile:41 - Overriding database path with different value: C:\Users\njsne\.stmcufinder\plugins\mcufinder/ => C:\Users\njsne\.stmcufinder\plugins\mcufinder
2024-08-31 17:52:47,761 [WARN] DbFile:41 - Overriding database path with different value: C:\Users\njsne\.stmcufinder\plugins\mcufinder/ => C:\Users\njsne\.stmcufinder\plugins\mcufinder
2024-08-31 17:52:47,761 [INFO] CrossReferenceDbSqlite:203 - Set database path to: C:\Users\njsne\.stmcufinder\plugins\mcufinder//mcu/cs/
2024-08-31 17:52:47,779 [INFO] ApplicationProperties:184 - Using Application install path: C:\ST\STM32CubeIDE_1.16.0\STM32CubeIDE\plugins\com.st.stm32cube.common.mx_6.12.0.202406281431
2024-08-31 17:52:47,781 [INFO] PluginManage:196 - Search for loadable plugins [exclusion list=, ]
2024-08-31 17:52:47,782 [INFO] PluginManage:310 - Check plugin analytics
2024-08-31 17:52:47,920 [INFO] AnalyticsPlugin:253 - Accepted Software Licenses: 
2024-08-31 17:52:47,920 [INFO] AnalyticsPlugin:255 - Accepted CMSIS Pack Licenses: 
2024-08-31 17:52:47,920 [INFO] AnalyticsPlugin:257 - Accepted Firmware Licenses: 
2024-08-31 17:52:47,922 [INFO] PluginManage:359 - Loaded plugin analytics (category:tool,tabindex:-1)
2024-08-31 17:52:47,922 [INFO] PluginManage:310 - Check plugin cadmodel
2024-08-31 17:52:47,936 [INFO] CADModel:105 - Init CAD model plugin
2024-08-31 17:52:47,937 [INFO] PluginManage:359 - Loaded plugin cadmodel (category:power,tabindex:5)
2024-08-31 17:52:47,937 [INFO] PluginManage:310 - Check plugin clock
2024-08-31 17:52:47,957 [INFO] PluginManage:359 - Loaded plugin clock (category:base,tabindex:2)
2024-08-31 17:52:47,957 [INFO] PluginManage:310 - Check plugin ddr
2024-08-31 17:52:47,959 [INFO] PluginManage:359 - Loaded plugin ddr (category:tool,tabindex:6)
2024-08-31 17:52:47,959 [INFO] PluginManage:310 - Check plugin filemanager
2024-08-31 17:52:48,095 [INFO] PluginManage:359 - Loaded plugin filemanager (category:base,tabindex:10)
2024-08-31 17:52:48,095 [INFO] PluginManage:310 - Check plugin ipmanager
2024-08-31 17:52:48,104 [INFO] PluginManage:359 - Loaded plugin ipmanager (category:base,tabindex:5)
2024-08-31 17:52:48,104 [INFO] PluginManage:310 - Check plugin lpbam
2024-08-31 17:52:48,121 [INFO] PluginManage:359 - Loaded plugin lpbam (category:base,tabindex:0)
2024-08-31 17:52:48,121 [INFO] PluginManage:310 - Check plugin memorymap
2024-08-31 17:52:48,143 [INFO] PluginManage:359 - Loaded plugin memorymap (category:base,tabindex:4)
2024-08-31 17:52:48,143 [INFO] PluginManage:310 - Check plugin pinoutandconfiguration
2024-08-31 17:52:48,160 [INFO] PluginManage:359 - Loaded plugin pinoutandconfiguration (category:base,tabindex:1)
2024-08-31 17:52:48,160 [INFO] PluginManage:310 - Check plugin pinoutconfig
2024-08-31 17:52:48,237 [WARN] SupportedApi:132 - Cannot load RTOS API schema: s4s-elt-must-match.1: The content of 'definitions' must match (annotation?, (simpleType | complexType)?, (unique | key | keyref)*)). A problem was found starting at: attribute.
2024-08-31 17:52:48,344 [INFO] PluginManage:359 - Loaded plugin pinoutconfig (category:base,tabindex:0)
2024-08-31 17:52:48,344 [INFO] PluginManage:310 - Check plugin power
2024-08-31 17:52:48,360 [INFO] PluginManage:359 - Loaded plugin power (category:power,tabindex:4)
2024-08-31 17:52:48,361 [INFO] PluginManage:310 - Check plugin projectmanager
2024-08-31 17:52:48,373 [INFO] PluginManage:359 - Loaded plugin projectmanager (category:projectmanager,tabindex:4)
2024-08-31 17:52:48,373 [INFO] PluginManage:310 - Check plugin rif
2024-08-31 17:52:48,388 [INFO] PluginManage:359 - Loaded plugin rif (category:base,tabindex:3)
2024-08-31 17:52:48,388 [INFO] PluginManage:310 - Check plugin thirdparty
2024-08-31 17:52:48,631 [INFO] PluginManage:359 - Loaded plugin thirdparty (category:base,tabindex:-1)
2024-08-31 17:52:48,632 [INFO] PluginManage:310 - Check plugin tools
2024-08-31 17:52:48,632 [WARN] IntegrityCheckThread:84 - waiting for thirdparty lock release [integrity check]
2024-08-31 17:52:48,632 [INFO] IntegrityCheckThread:86 - entering critical section [integrity check]
2024-08-31 17:52:48,633 [INFO] ThirdPartyUpdaterWithRetryManager:70 - Updater plugin not ready yet. [1/15]
2024-08-31 17:52:48,673 [INFO] PluginManage:359 - Loaded plugin tools (category:base,tabindex:7)
2024-08-31 17:52:48,673 [INFO] PluginManage:310 - Check plugin tutovideos
2024-08-31 17:52:48,830 [INFO] PluginManage:359 - Loaded plugin tutovideos (category:base,tabindex:-1)
2024-08-31 17:52:48,830 [INFO] PluginManage:310 - Check plugin updater
2024-08-31 17:52:48,846 [INFO] PluginManage:359 - Loaded plugin updater (category:base,tabindex:12)
2024-08-31 17:52:48,846 [INFO] PluginManage:310 - Check plugin userauth
2024-08-31 17:52:48,851 [INFO] UserAuth:113 - Init User Auth plugin
2024-08-31 17:52:48,851 [INFO] PluginManage:359 - Loaded plugin userauth (category:base,tabindex:14)
2024-08-31 17:52:48,851 [INFO] PluginManage:283 - PluginManage : Loaded plugins [18]
2024-08-31 17:52:49,049 [INFO] PinOutPanel:1561 - setPackage(No Configuration,No Configuration)
2024-08-31 17:52:49,145 [INFO] CADModel:165 - CPN selected for project level
2024-08-31 17:52:49,146 [INFO] CADModel:114 - Register for checkConnection events
2024-08-31 17:52:49,171 [INFO] IPUIPlugin:80 - create IPUIPlugin
2024-08-31 17:52:49,171 [INFO] PluginManager:220 - loadIPPluginJar : add adc
2024-08-31 17:52:49,208 [INFO] IPUIPlugin:80 - create IPUIPlugin
2024-08-31 17:52:49,208 [INFO] PluginManager:220 - loadIPPluginJar : add aes
2024-08-31 17:52:49,250 [INFO] IPUIPlugin:80 - create IPUIPlugin
2024-08-31 17:52:49,251 [INFO] PluginManager:220 - loadIPPluginJar : add can
2024-08-31 17:52:49,272 [INFO] IPUIPlugin:80 - create IPUIPlugin
2024-08-31 17:52:49,272 [INFO] PluginManager:220 - loadIPPluginJar : add comp
2024-08-31 17:52:49,305 [INFO] IPUIPlugin:80 - create IPUIPlugin
2024-08-31 17:52:49,305 [INFO] PluginManager:220 - loadIPPluginJar : add cryp
2024-08-31 17:52:49,316 [INFO] IPUIPlugin:80 - create IPUIPlugin
2024-08-31 17:52:49,316 [INFO] PluginManager:220 - loadIPPluginJar : add ddr_ctrl_phy
2024-08-31 17:52:49,346 [INFO] IPUIPlugin:80 - create IPUIPlugin
2024-08-31 17:52:49,346 [INFO] PluginManager:220 - loadIPPluginJar : add dfsdm
2024-08-31 17:52:49,361 [INFO] IPUIPlugin:80 - create IPUIPlugin
2024-08-31 17:52:49,362 [INFO] PluginManager:220 - loadIPPluginJar : add dma
2024-08-31 17:52:49,417 [INFO] IPUIPlugin:80 - create IPUIPlugin
2024-08-31 17:52:49,417 [INFO] PluginManager:220 - loadIPPluginJar : add dma3
2024-08-31 17:52:49,465 [INFO] IPUIPlugin:80 - create IPUIPlugin
2024-08-31 17:52:49,465 [INFO] PluginManager:220 - loadIPPluginJar : add extmemmanager
2024-08-31 17:52:49,488 [INFO] IPUIPlugin:80 - create IPUIPlugin
2024-08-31 17:52:49,488 [INFO] PluginManager:220 - loadIPPluginJar : add fatfs
2024-08-31 17:52:49,542 [INFO] IPUIPlugin:80 - create IPUIPlugin
2024-08-31 17:52:49,542 [INFO] PluginManager:220 - loadIPPluginJar : add fmc
2024-08-31 17:52:49,557 [INFO] IPUIPlugin:80 - create IPUIPlugin
2024-08-31 17:52:49,558 [INFO] PluginManager:220 - loadIPPluginJar : add freertos
2024-08-31 17:52:49,579 [INFO] IPUIPlugin:80 - create IPUIPlugin
2024-08-31 17:52:49,579 [INFO] PluginManager:220 - loadIPPluginJar : add genericplugin
2024-08-31 17:52:49,687 [INFO] IPUIPlugin:80 - create IPUIPlugin
2024-08-31 17:52:49,687 [INFO] PluginManager:220 - loadIPPluginJar : add gfxmmu
2024-08-31 17:52:49,828 [INFO] IPUIPlugin:80 - create IPUIPlugin
2024-08-31 17:52:49,829 [INFO] PluginManager:220 - loadIPPluginJar : add gic
2024-08-31 17:52:49,842 [INFO] IPUIPlugin:80 - create IPUIPlugin
2024-08-31 17:52:49,842 [INFO] PluginManager:220 - loadIPPluginJar : add gpio
2024-08-31 17:52:49,934 [INFO] IPUIPlugin:80 - create IPUIPlugin
2024-08-31 17:52:49,934 [INFO] PluginManager:220 - loadIPPluginJar : add gtzc
2024-08-31 17:52:49,964 [INFO] IPUIPlugin:80 - create IPUIPlugin
2024-08-31 17:52:49,964 [INFO] PluginManager:220 - loadIPPluginJar : add hash
2024-08-31 17:52:50,013 [INFO] IPUIPlugin:80 - create IPUIPlugin
2024-08-31 17:52:50,013 [INFO] PluginManager:220 - loadIPPluginJar : add i2c
2024-08-31 17:52:50,051 [INFO] IPUIPlugin:80 - create IPUIPlugin
2024-08-31 17:52:50,053 [INFO] PluginManager:220 - loadIPPluginJar : add i2s
2024-08-31 17:52:50,092 [INFO] IPUIPlugin:80 - create IPUIPlugin
2024-08-31 17:52:50,092 [INFO] PluginManager:220 - loadIPPluginJar : add i3c
2024-08-31 17:52:50,184 [INFO] IPUIPlugin:80 - create IPUIPlugin
2024-08-31 17:52:50,184 [INFO] PluginManager:220 - loadIPPluginJar : add ipddr
2024-08-31 17:52:50,268 [INFO] IPUIPlugin:80 - create IPUIPlugin
2024-08-31 17:52:50,268 [INFO] PluginManager:220 - loadIPPluginJar : add linkedlist
2024-08-31 17:52:50,299 [INFO] IPUIPlugin:80 - create IPUIPlugin
2024-08-31 17:52:50,299 [INFO] PluginManager:220 - loadIPPluginJar : add lorawan
2024-08-31 17:52:50,333 [INFO] IPUIPlugin:80 - create IPUIPlugin
2024-08-31 17:52:50,333 [INFO] PluginManager:220 - loadIPPluginJar : add ltdc
2024-08-31 17:52:50,347 [INFO] IPUIPlugin:80 - create IPUIPlugin
2024-08-31 17:52:50,347 [INFO] PluginManager:220 - loadIPPluginJar : add mdma
2024-08-31 17:52:50,360 [INFO] IPUIPlugin:80 - create IPUIPlugin
2024-08-31 17:52:50,360 [INFO] PluginManager:220 - loadIPPluginJar : add nvic
2024-08-31 17:52:50,393 [INFO] IPUIPlugin:80 - create IPUIPlugin
2024-08-31 17:52:50,393 [INFO] PluginManager:220 - loadIPPluginJar : add opamp
2024-08-31 17:52:50,458 [INFO] IPUIPlugin:80 - create IPUIPlugin
2024-08-31 17:52:50,458 [INFO] PluginManager:220 - loadIPPluginJar : add openamp
2024-08-31 17:52:50,496 [INFO] IPUIPlugin:80 - create IPUIPlugin
2024-08-31 17:52:50,496 [INFO] PluginManager:220 - loadIPPluginJar : add pdm2pcm
2024-08-31 17:52:50,509 [INFO] IPUIPlugin:80 - create IPUIPlugin
2024-08-31 17:52:50,510 [INFO] PluginManager:220 - loadIPPluginJar : add plateformsettings
2024-08-31 17:52:50,532 [INFO] IPUIPlugin:80 - create IPUIPlugin
2024-08-31 17:52:50,532 [INFO] PluginManager:220 - loadIPPluginJar : add quadspi
2024-08-31 17:52:50,557 [INFO] IPUIPlugin:80 - create IPUIPlugin
2024-08-31 17:52:50,557 [INFO] PluginManager:220 - loadIPPluginJar : add radio
2024-08-31 17:52:50,569 [INFO] IPUIPlugin:80 - create IPUIPlugin
2024-08-31 17:52:50,569 [INFO] PluginManager:220 - loadIPPluginJar : add resmgrutility
2024-08-31 17:52:50,612 [INFO] IPUIPlugin:80 - create IPUIPlugin
2024-08-31 17:52:50,612 [INFO] PluginManager:220 - loadIPPluginJar : add sai
2024-08-31 17:52:50,645 [INFO] IPUIPlugin:80 - create IPUIPlugin
2024-08-31 17:52:50,645 [INFO] PluginManager:220 - loadIPPluginJar : add spi
2024-08-31 17:52:50,708 [INFO] IPUIPlugin:80 - create IPUIPlugin
2024-08-31 17:52:50,708 [INFO] PluginManager:220 - loadIPPluginJar : add stm32_wpan
2024-08-31 17:52:50,729 [INFO] IPUIPlugin:80 - create IPUIPlugin
2024-08-31 17:52:50,730 [INFO] PluginManager:220 - loadIPPluginJar : add tim
2024-08-31 17:52:50,784 [INFO] IPUIPlugin:80 - create IPUIPlugin
2024-08-31 17:52:50,784 [INFO] PluginManager:220 - loadIPPluginJar : add touchsensing
2024-08-31 17:52:50,813 [INFO] IPUIPlugin:80 - create IPUIPlugin
2024-08-31 17:52:50,813 [INFO] PluginManager:220 - loadIPPluginJar : add tracer_emb
2024-08-31 17:52:50,835 [INFO] IPUIPlugin:80 - create IPUIPlugin
2024-08-31 17:52:50,836 [INFO] PluginManager:220 - loadIPPluginJar : add ts
2024-08-31 17:52:50,857 [INFO] IPUIPlugin:80 - create IPUIPlugin
2024-08-31 17:52:50,857 [INFO] PluginManager:220 - loadIPPluginJar : add tsc
2024-08-31 17:52:50,877 [INFO] IPUIPlugin:80 - create IPUIPlugin
2024-08-31 17:52:50,877 [INFO] PluginManager:220 - loadIPPluginJar : add ucpd
2024-08-31 17:52:50,916 [INFO] IPUIPlugin:80 - create IPUIPlugin
2024-08-31 17:52:50,917 [INFO] PluginManager:220 - loadIPPluginJar : add usart
2024-08-31 17:52:50,956 [INFO] IPUIPlugin:80 - create IPUIPlugin
2024-08-31 17:52:50,956 [INFO] PluginManager:220 - loadIPPluginJar : add usbx
2024-08-31 17:52:51,098 [INFO] CADModel:165 - CPN selected for project level
2024-08-31 17:52:51,098 [INFO] CADModel:114 - Register for checkConnection events
2024-08-31 17:52:51,098 [FATAL] Updater:334 - Updater called before beeing initialized
2024-08-31 17:52:51,099 [ERROR] CADModel:125 - Updater not yet initialized, retry later 
2024-08-31 17:52:51,229 [INFO] CADModel:165 - CPN selected for project level
2024-08-31 17:52:51,230 [INFO] CADModel:114 - Register for checkConnection events
2024-08-31 17:52:51,230 [FATAL] Updater:334 - Updater called before beeing initialized
2024-08-31 17:52:51,230 [ERROR] CADModel:125 - Updater not yet initialized, retry later 
2024-08-31 17:52:51,233 [FATAL] Updater:334 - Updater called before beeing initialized
2024-08-31 17:52:51,350 [FATAL] Updater:334 - Updater called before beeing initialized
2024-08-31 17:52:51,360 [INFO] DbMcusAds:53 - JSON generation date=Thu Sep 30 03:55:09 BRT 2021 (1632984909247)
2024-08-31 17:52:51,361 [FATAL] Updater:334 - Updater called before beeing initialized
2024-08-31 17:52:51,405 [WARN] DetailPanel:346 - Failed to get advertising image, set to default
2024-08-31 17:52:51,492 [FATAL] Updater:334 - Updater called before beeing initialized
2024-08-31 17:52:51,494 [FATAL] Updater:334 - Updater called before beeing initialized
2024-08-31 17:52:51,494 [FATAL] Updater:334 - Updater called before beeing initialized
2024-08-31 17:52:51,494 [WARN] DetailPanel:346 - Failed to get advertising image, set to default
2024-08-31 17:52:51,494 [FATAL] Updater:334 - Updater called before beeing initialized
2024-08-31 17:52:51,559 [ERROR] Updater:1164 - MainUpdater not yet initialized. External WinMGr cannot be set.
2024-08-31 17:52:51,570 [INFO] Updater:1100 - Updater Version found : 6.12.0
2024-08-31 17:52:51,588 [INFO] ApplicationProperties:184 - Using Application install path: C:\ST\STM32CubeIDE_1.16.0\STM32CubeIDE\plugins\com.st.stm32cube.common.mx_6.12.0.202406281431
2024-08-31 17:52:51,634 [INFO] ThirdPartyUpdaterWithRetryManager:70 - Updater plugin not ready yet. [2/15]
2024-08-31 17:52:53,225 [ERROR] LogOutputStream:75 - [STDERR_REDIRECT] Aug 31, 2024 5:52:53 PM java.util.prefs.WindowsPreferences <init>
2024-08-31 17:52:53,226 [ERROR] LogOutputStream:75 - [STDERR_REDIRECT] WARNING: Could not open/create prefs root node Software\JavaSoft\Prefs at root 0xffffffff80000002. Windows RegCreateKeyEx(...) returned error code 5.
2024-08-31 17:52:53,226 [ERROR] LogOutputStream:75 - [STDERR_REDIRECT] 
2024-08-31 17:52:53,504 [INFO] MainUpdater:2873 - connection check result : 10
2024-08-31 17:52:53,506 [INFO] MainUpdater:290 - Updater Check For Update Now.
2024-08-31 17:52:53,506 [INFO] MicroXplorer:498 - Change Database Version : DB.6.0.120
2024-08-31 17:52:53,521 [INFO] McuFinderGlobals:63 - Set McuFinder mode to 2 (CubeIDE integrated)
2024-08-31 17:52:53,521 [INFO] UserAuth:179 - activating auth plugin
2024-08-31 17:52:53,523 [INFO] UserAuth:417 - Internet connection configuration mode: 1
2024-08-31 17:52:53,551 [INFO] JxBrowserEngine:152 - Initiate JxBrowser Engine with user profile folder
2024-08-31 17:52:53,721 [INFO] CheckServerUpdateThread:120 - End of CheckServer Thread
2024-08-31 17:52:54,909 [WARN] PackLoader:240 - Cannot read IP mode file for STMicroelectronics.FP-SNS-MOTENVWB1.1.4.0
2024-08-31 17:52:54,929 [WARN] PackLoader:240 - Cannot read IP mode file for STMicroelectronics.X-CUBE-SMBUS.2.1.0
2024-08-31 17:52:54,943 [WARN] PackLoader:240 - Cannot read IP mode file for STMicroelectronics.X-CUBE-TOUCHGFX.4.23.2
2024-08-31 17:52:54,980 [WARN] PackLoader:240 - Cannot read IP mode file for STMicroelectronics.X-CUBE-AZRTOS-F7.1.1.0
2024-08-31 17:52:55,045 [WARN] PackLoader:240 - Cannot read IP mode file for STMicroelectronics.X-CUBE-MEMS1.11.0.0
2024-08-31 17:52:55,148 [WARN] PackLoader:240 - Cannot read IP mode file for STMicroelectronics.FP-SNS-FLIGHT1.5.0.2
2024-08-31 17:52:55,163 [WARN] PackLoader:240 - Cannot read IP mode file for STMicroelectronics.X-CUBE-DISPLAY.3.0.0
2024-08-31 17:52:55,180 [WARN] PackLoader:240 - Cannot read IP mode file for STMicroelectronics.X-CUBE-BLE1.7.0.0
2024-08-31 17:52:55,194 [WARN] PackLoader:240 - Cannot read IP mode file for emotas.I-CUBE-CANOPEN.1.3.0
2024-08-31 17:52:55,211 [WARN] PackLoader:240 - Cannot read IP mode file for STMicroelectronics.X-CUBE-BLEMGR.3.1.0
2024-08-31 17:52:55,225 [WARN] PackLoader:240 - Cannot read IP mode file for STMicroelectronics.FP-SNS-SMARTAG2.1.2.0
2024-08-31 17:52:55,245 [INFO] LogOutputStream:77 - [STDOUT_REDIRECT] 1 : Invalid condition id : UX_CORESTACK_Condition cause : null
2024-08-31 17:52:55,245 [INFO] LogOutputStream:77 - [STDOUT_REDIRECT] 1 : Invalid condition id : UX_CORESTACK_Condition cause : null
2024-08-31 17:52:55,246 [INFO] LogOutputStream:77 - [STDOUT_REDIRECT] 1 : Invalid condition id : UX_CORESTACK_Condition cause : null
2024-08-31 17:52:55,247 [INFO] LogOutputStream:77 - [STDOUT_REDIRECT] 1 : Invalid condition id : UX_CORESTACK_Condition cause : null
2024-08-31 17:52:55,247 [INFO] LogOutputStream:77 - [STDOUT_REDIRECT] 1 : Invalid condition id : UX_CORESTACK_Condition cause : null
2024-08-31 17:52:55,249 [WARN] PackLoader:240 - Cannot read IP mode file for STMicroelectronics.X-CUBE-AZRTOS-WL.2.0.0
2024-08-31 17:52:55,262 [WARN] PackLoader:240 - Cannot read IP mode file for STMicroelectronics.FP-SNS-MOTENV1.5.0.0
2024-08-31 17:52:55,276 [WARN] PackLoader:240 - Cannot read IP mode file for wolfSSL.I-CUBE-wolfMQTT.1.19.0
2024-08-31 17:52:55,291 [WARN] PackLoader:240 - Cannot read IP mode file for WES.I-CUBE-Cesium.1.3.0
2024-08-31 17:52:55,302 [WARN] PackLoader:240 - Cannot read IP mode file for STMicroelectronics.X-CUBE-BLE2.3.3.0
2024-08-31 17:52:55,315 [WARN] PackLoader:240 - Cannot read IP mode file for STMicroelectronics.X-CUBE-TCPP.4.1.0
2024-08-31 17:52:55,327 [WARN] PackLoader:240 - Cannot read IP mode file for STMicroelectronics.X-CUBE-ALGOBUILD.1.3.0
2024-08-31 17:52:55,351 [WARN] PackLoader:240 - Cannot read IP mode file for STMicroelectronics.X-CUBE-AZRTOS-G0.1.1.0
2024-08-31 17:52:55,365 [WARN] PackLoader:240 - Cannot read IP mode file for STMicroelectronics.X-CUBE-SAFEA1.1.2.2
2024-08-31 17:52:55,378 [WARN] PackLoader:240 - Cannot read IP mode file for STMicroelectronics.X-CUBE-NFC4.3.0.0
2024-08-31 17:52:55,394 [WARN] PackLoader:240 - Cannot read IP mode file for EmbeddedOffice.I-CUBE-FS-RTOS.1.0.1
2024-08-31 17:52:55,394 [ERROR] ConditionMgr:805 - Attr not supported : Dmpu
2024-08-31 17:52:55,394 [ERROR] ConditionMgr:805 - Attr not supported : Dmpu
2024-08-31 17:52:55,394 [ERROR] ConditionMgr:805 - Attr not supported : Dmpu
2024-08-31 17:52:55,394 [ERROR] ConditionMgr:805 - Attr not supported : Dmpu
2024-08-31 17:52:55,394 [ERROR] ConditionMgr:805 - Attr not supported : Dmpu
2024-08-31 17:52:55,394 [ERROR] ConditionMgr:805 - Attr not supported : Dmpu
2024-08-31 17:52:55,394 [ERROR] ConditionMgr:805 - Attr not supported : Dmpu
2024-08-31 17:52:55,395 [ERROR] ConditionMgr:805 - Attr not supported : Dmpu
2024-08-31 17:52:55,395 [ERROR] ConditionMgr:805 - Attr not supported : Dmpu
2024-08-31 17:52:55,395 [ERROR] ConditionMgr:805 - Attr not supported : Dmpu
2024-08-31 17:52:55,395 [ERROR] ConditionMgr:805 - Attr not supported : Dmpu
2024-08-31 17:52:55,395 [ERROR] ConditionMgr:805 - Attr not supported : Dmpu
2024-08-31 17:52:55,395 [ERROR] ConditionMgr:805 - Attr not supported : Dmpu
2024-08-31 17:52:55,395 [ERROR] ConditionMgr:805 - Attr not supported : Dmpu
2024-08-31 17:52:55,395 [ERROR] ConditionMgr:805 - Attr not supported : Dmpu
2024-08-31 17:52:55,395 [ERROR] ConditionMgr:805 - Attr not supported : Dmpu
2024-08-31 17:52:55,395 [ERROR] ConditionMgr:805 - Attr not supported : Dmpu
2024-08-31 17:52:55,395 [ERROR] ConditionMgr:805 - Attr not supported : Dmpu
2024-08-31 17:52:55,395 [ERROR] ConditionMgr:805 - Attr not supported : Dmpu
2024-08-31 17:52:55,395 [ERROR] ConditionMgr:805 - Attr not supported : Dmpu
2024-08-31 17:52:55,395 [ERROR] ConditionMgr:805 - Attr not supported : Dmpu
2024-08-31 17:52:55,395 [ERROR] ConditionMgr:805 - Attr not supported : Dmpu
2024-08-31 17:52:55,395 [ERROR] ConditionMgr:805 - Attr not supported : Dmpu
2024-08-31 17:52:55,395 [ERROR] ConditionMgr:805 - Attr not supported : Dmpu
2024-08-31 17:52:55,395 [ERROR] ConditionMgr:805 - Attr not supported : Dmpu
2024-08-31 17:52:55,395 [ERROR] ConditionMgr:805 - Attr not supported : Dmpu
2024-08-31 17:52:55,395 [ERROR] ConditionMgr:805 - Attr not supported : Dmpu
2024-08-31 17:52:55,396 [ERROR] ConditionMgr:805 - Attr not supported : Dmpu
2024-08-31 17:52:55,396 [ERROR] ConditionMgr:805 - Attr not supported : Dmpu
2024-08-31 17:52:55,396 [ERROR] ConditionMgr:805 - Attr not supported : Dmpu
2024-08-31 17:52:55,396 [ERROR] ConditionMgr:805 - Attr not supported : Dmpu
2024-08-31 17:52:55,396 [ERROR] ConditionMgr:805 - Attr not supported : Dmpu
2024-08-31 17:52:55,396 [ERROR] ConditionMgr:805 - Attr not supported : Dmpu
2024-08-31 17:52:55,396 [ERROR] ConditionMgr:805 - Attr not supported : Dmpu
2024-08-31 17:52:55,396 [ERROR] ConditionMgr:805 - Attr not supported : Dmpu
2024-08-31 17:52:55,396 [ERROR] ConditionMgr:805 - Attr not supported : Dmpu
2024-08-31 17:52:55,396 [ERROR] ConditionMgr:805 - Attr not supported : Dmpu
2024-08-31 17:52:55,396 [ERROR] ConditionMgr:805 - Attr not supported : Dmpu
2024-08-31 17:52:55,396 [ERROR] ConditionMgr:805 - Attr not supported : Dmpu
2024-08-31 17:52:55,396 [ERROR] ConditionMgr:805 - Attr not supported : Dmpu
2024-08-31 17:52:55,396 [ERROR] ConditionMgr:805 - Attr not supported : Dmpu
2024-08-31 17:52:55,396 [ERROR] ConditionMgr:805 - Attr not supported : Dmpu
2024-08-31 17:52:55,396 [ERROR] ConditionMgr:805 - Attr not supported : Dmpu
2024-08-31 17:52:55,396 [ERROR] ConditionMgr:805 - Attr not supported : Dmpu
2024-08-31 17:52:55,397 [ERROR] ConditionMgr:805 - Attr not supported : Dmpu
2024-08-31 17:52:55,397 [ERROR] ConditionMgr:805 - Attr not supported : Dmpu
2024-08-31 17:52:55,397 [ERROR] ConditionMgr:805 - Attr not supported : Dmpu
2024-08-31 17:52:55,397 [ERROR] ConditionMgr:805 - Attr not supported : Dmpu
2024-08-31 17:52:55,397 [ERROR] ConditionMgr:805 - Attr not supported : Dmpu
2024-08-31 17:52:55,397 [ERROR] ConditionMgr:805 - Attr not supported : Dmpu
2024-08-31 17:52:55,397 [ERROR] ConditionMgr:805 - Attr not supported : Dmpu
2024-08-31 17:52:55,397 [ERROR] ConditionMgr:805 - Attr not supported : Dmpu
2024-08-31 17:52:55,397 [ERROR] ConditionMgr:805 - Attr not supported : Dmpu
2024-08-31 17:52:55,397 [ERROR] ConditionMgr:805 - Attr not supported : Dmpu
2024-08-31 17:52:55,397 [ERROR] ConditionMgr:805 - Attr not supported : Dmpu
2024-08-31 17:52:55,397 [ERROR] ConditionMgr:805 - Attr not supported : Dmpu
2024-08-31 17:52:55,397 [ERROR] ConditionMgr:805 - Attr not supported : Dmpu
2024-08-31 17:52:55,397 [ERROR] ConditionMgr:805 - Attr not supported : Dmpu
2024-08-31 17:52:55,397 [ERROR] ConditionMgr:805 - Attr not supported : Dmpu
2024-08-31 17:52:55,397 [ERROR] ConditionMgr:805 - Attr not supported : Dmpu
2024-08-31 17:52:55,397 [ERROR] ConditionMgr:805 - Attr not supported : Dmpu
2024-08-31 17:52:55,398 [ERROR] ConditionMgr:805 - Attr not supported : Dmpu
2024-08-31 17:52:55,398 [ERROR] ConditionMgr:805 - Attr not supported : Dmpu
2024-08-31 17:52:55,398 [ERROR] ConditionMgr:805 - Attr not supported : Dmpu
2024-08-31 17:52:55,409 [WARN] PackLoader:240 - Cannot read IP mode file for RealThread.X-CUBE-RT-Thread_Nano.4.1.1
2024-08-31 17:52:55,420 [WARN] PackLoader:240 - Cannot read IP mode file for wolfSSL.I-CUBE-wolfSSL.5.7.0
2024-08-31 17:52:55,432 [WARN] PackLoader:240 - Cannot read IP mode file for STMicroelectronics.FP-ATR-SIGFOX1.3.2.0
2024-08-31 17:52:55,444 [WARN] PackLoader:240 - Cannot read IP mode file for STMicroelectronics.X-CUBE-EEPRMA1.5.1.0
2024-08-31 17:52:55,462 [WARN] PackLoader:240 - Cannot read IP mode file for ITTIA_DB.I-CUBE-ITTIADB.8.9.0
2024-08-31 17:52:55,495 [WARN] PackLoader:240 - Cannot read IP mode file for SEGGER.I-CUBE-embOS.1.3.1
2024-08-31 17:52:55,527 [WARN] PackLoader:240 - Cannot read IP mode file for STMicroelectronics.X-CUBE-ALGOBUILD.1.4.0
2024-08-31 17:52:55,540 [WARN] PackLoader:240 - Cannot read IP mode file for STMicroelectronics.X-CUBE-GNSS1.6.0.0
2024-08-31 17:52:55,563 [WARN] PackLoader:240 - Cannot read IP mode file for STMicroelectronics.X-CUBE-AZRTOS-F4.1.1.0
2024-08-31 17:52:55,578 [WARN] PackLoader:240 - Cannot read IP mode file for STMicroelectronics.X-CUBE-FREERTOS.1.2.0
2024-08-31 17:52:55,601 [WARN] PackLoader:240 - Cannot read IP mode file for STMicroelectronics.X-CUBE-AZRTOS-L5.2.0.0
2024-08-31 17:52:55,618 [WARN] PackLoader:240 - Cannot read IP mode file for STMicroelectronics.X-CUBE-NFC6.3.1.0
2024-08-31 17:52:55,635 [WARN] PackLoader:240 - Cannot read IP mode file for STMicroelectronics.X-CUBE-DPower.1.2.0
2024-08-31 17:52:55,648 [WARN] PackLoader:240 - Cannot read IP mode file for STMicroelectronics.X-CUBE-AI.9.0.0
2024-08-31 17:52:55,660 [WARN] PackLoader:240 - Cannot read IP mode file for STMicroelectronics.X-CUBE-NFC7.1.0.1
2024-08-31 17:52:55,671 [WARN] PackLoader:240 - Cannot read IP mode file for STMicroelectronics.X-CUBE-AI.8.1.0
2024-08-31 17:52:55,700 [WARN] ConditionMgr:438 - getConditionDescription Invalid condition id : LAN8742 Phy interface Condition cause : null
2024-08-31 17:52:55,701 [WARN] PackLoader:240 - Cannot read IP mode file for STMicroelectronics.X-CUBE-AZRTOS-L4.2.0.0
2024-08-31 17:52:55,702 [WARN] ConditionMgr:1039 - genDependencies : Invalid condition id : LAN8742 Phy interface Condition cause : null
2024-08-31 17:52:55,702 [WARN] ConditionMgr:1039 - genDependencies : Invalid condition id : LAN8742 Phy interface Condition cause : null
2024-08-31 17:52:55,702 [WARN] ConditionMgr:1039 - genDependencies : Invalid condition id : LAN8742 Phy interface Condition cause : null
2024-08-31 17:52:55,719 [WARN] PackLoader:240 - Cannot read IP mode file for STMicroelectronics.X-CUBE-SFXS2LP1.4.0.0
2024-08-31 17:52:55,746 [WARN] PackLoader:240 - Cannot read IP mode file for STMicroelectronics.X-CUBE-AZRTOS-H7.3.3.0
2024-08-31 17:52:55,768 [WARN] ConditionMgr:438 - getConditionDescription Invalid condition id : UX DEVICE CLASS RTOS Condition cause : null
2024-08-31 17:52:55,768 [WARN] ConditionMgr:438 - getConditionDescription Invalid condition id : UX DEVICE CLASS RTOS Condition cause : null
2024-08-31 17:52:55,769 [WARN] PackLoader:240 - Cannot read IP mode file for STMicroelectronics.X-CUBE-AZRTOS-WB.2.0.0
2024-08-31 17:52:55,769 [WARN] ConditionMgr:1039 - genDependencies : Invalid condition id : UX DEVICE CLASS RTOS Condition cause : null
2024-08-31 17:52:55,770 [WARN] ConditionMgr:1039 - genDependencies : Invalid condition id : UX DEVICE CLASS RTOS Condition cause : null
2024-08-31 17:52:55,770 [WARN] ConditionMgr:1039 - genDependencies : Invalid condition id : UX DEVICE CLASS RTOS Condition cause : null
2024-08-31 17:52:55,770 [WARN] ConditionMgr:1039 - genDependencies : Invalid condition id : UX DEVICE CLASS RTOS Condition cause : null
2024-08-31 17:52:55,770 [WARN] ConditionMgr:1039 - genDependencies : Invalid condition id : UX DEVICE CLASS RTOS Condition cause : null
2024-08-31 17:52:55,784 [WARN] PackLoader:240 - Cannot read IP mode file for STMicroelectronics.FP-SNS-STBOX1.2.0.0
2024-08-31 17:52:55,800 [WARN] PackLoader:240 - Cannot read IP mode file for STMicroelectronics.X-CUBE-SUBG2.5.0.0
2024-08-31 17:52:55,816 [WARN] PackLoader:240 - Cannot read IP mode file for Cesanta.I-CUBE-Mongoose.7.13.0
2024-08-31 17:52:55,835 [WARN] PackLoader:240 - Cannot read IP mode file for STMicroelectronics.X-CUBE-AZRTOS-G4.2.0.0
2024-08-31 17:52:55,846 [WARN] PackLoader:240 - Cannot read IP mode file for STMicroelectronics.FP-SNS-MOTENVWB1.1.3.1
2024-08-31 17:52:55,857 [WARN] PackLoader:240 - Cannot read IP mode file for STMicroelectronics.X-CUBE-ISPU.2.0.0
2024-08-31 17:52:55,868 [WARN] PackLoader:240 - Cannot read IP mode file for STMicroelectronics.X-CUBE-ALS.1.0.2
2024-08-31 17:52:55,901 [WARN] PackLoader:240 - Cannot read IP mode file for STMicroelectronics.X-CUBE-MEMS1.10.0.0
2024-08-31 17:52:55,968 [WARN] PackLoader:240 - Cannot read IP mode file for STMicroelectronics.X-CUBE-FREERTOS.1.1.0
2024-08-31 17:52:55,980 [WARN] PackLoader:240 - Cannot read IP mode file for STMicroelectronics.X-CUBE-TOUCHGFX.4.24.0
2024-08-31 17:52:55,990 [WARN] PackLoader:240 - Cannot read IP mode file for wolfSSL.I-CUBE-wolfTPM.3.4.0
2024-08-31 17:52:56,003 [WARN] PackLoader:240 - Cannot read IP mode file for portGmbH.I-Cube-SoM-uGOAL.1.1.0
2024-08-31 17:52:56,014 [WARN] PackLoader:240 - Cannot read IP mode file for STMicroelectronics.X-CUBE-ALS.1.0.1
2024-08-31 17:52:56,036 [WARN] PackLoader:240 - Cannot read IP mode file for STMicroelectronics.X-CUBE-AZRTOS-H7RS.1.0.0
2024-08-31 17:52:56,049 [WARN] PackLoader:240 - Cannot read IP mode file for STMicroelectronics.FP-ATR-ASTRA1.2.0.0
2024-08-31 17:52:56,065 [WARN] PackLoader:240 - Cannot read IP mode file for STMicroelectronics.X-CUBE-TOF1.3.4.2
2024-08-31 17:52:56,084 [WARN] PackLoader:240 - Cannot read IP mode file for STMicroelectronics.X-CUBE-TOF1.3.4.1
2024-08-31 17:52:56,111 [WARN] PackLoader:240 - Cannot read IP mode file for STMicroelectronics.X-CUBE-AZRTOS-H7.3.2.0
2024-08-31 17:52:56,133 [WARN] PackLoader:240 - Cannot read IP mode file for Infineon.AIROC-Wi-Fi-Bluetooth-STM32.1.6.0
2024-08-31 17:52:56,146 [WARN] PackLoader:240 - Cannot read IP mode file for wolfSSL.I-CUBE-wolfSSH.1.4.17
2024-08-31 17:52:56,147 [INFO] ThirdParty:978 - Integrity check success = true
2024-08-31 17:52:56,147 [INFO] IntegrityCheckThread:100 - exiting critical section [integrity check]
2024-08-31 17:52:56,147 [INFO] IntegrityCheckThread:103 - End integrity checks thread
2024-08-31 17:52:56,958 [INFO] WebApp:167 - Instantiating new browser for Auth
2024-08-31 17:52:57,764 [INFO] WebApp:448 - Apply proxy settings
2024-08-31 17:52:57,764 [INFO] WebApp:533 - Chromium requires no authentication
2024-08-31 17:52:57,772 [INFO] WebApp:476 - Direct internet connection detected
2024-08-31 17:52:57,796 [INFO] WebApp:869 - Register for checkConnection events
2024-08-31 17:52:57,796 [INFO] WebApp:448 - Apply proxy settings
2024-08-31 17:52:57,796 [INFO] WebApp:533 - Chromium requires no authentication
2024-08-31 17:52:57,796 [INFO] WebApp:476 - Direct internet connection detected
2024-08-31 17:52:57,945 [INFO] WebApp:220 - Starting web application
2024-08-31 17:52:57,945 [INFO] WebApp:578 - Web application path used C:\ST\STM32CubeIDE_1.16.0\STM32CubeIDE\plugins\com.st.stm32cube.common.mx_6.12.0.202406281431\db\plugins\mcufinder\reactClient1\index.html
2024-08-31 17:52:58,088 [INFO] WebApp:186 - Connection restablished
2024-08-31 17:54:44,082 [ERROR] LogOutputStream:75 - [STDERR_REDIRECT] 
